C:\Users\Demorian\Desktop\SM2ACM3K1\SM2ACM3k1\VSBuild\src\client\client.dir\Debug\cl.command.1.tlog
C:\Users\Demorian\Desktop\SM2ACM3K1\SM2ACM3k1\VSBuild\src\client\client.dir\Debug\CL.read.1.tlog
C:\Users\Demorian\Desktop\SM2ACM3K1\SM2ACM3k1\VSBuild\src\client\client.dir\Debug\CL.write.1.tlog
C:\USERS\DEMORIAN\DESKTOP\SM2ACM3K1\SM2ACM3K1\VSBUILD\SRC\CLIENT\CLIENT.DIR\DEBUG\CLIENT.EXE.EMBED.MANIFEST
C:\USERS\DEMORIAN\DESKTOP\SM2ACM3K1\SM2ACM3K1\VSBUILD\SRC\CLIENT\CLIENT.DIR\DEBUG\CLIENT.EXE.EMBED.MANIFEST.RES
C:\USERS\DEMORIAN\DESKTOP\SM2ACM3K1\SM2ACM3K1\VSBUILD\SRC\CLIENT\CLIENT.DIR\DEBUG\CLIENT.EXE.INTERMEDIATE.MANIFEST
C:\Users\Demorian\Desktop\SM2ACM3K1\SM2ACM3k1\VSBuild\src\client\client.dir\Debug\client.vcxprojResolveAssemblyReference.cache
C:\Users\Demorian\Desktop\SM2ACM3K1\SM2ACM3k1\VSBuild\src\client\client.dir\Debug\client.write.1.tlog
C:\Users\Demorian\Desktop\SM2ACM3K1\SM2ACM3k1\VSBuild\src\client\client.dir\Debug\client_manifest.rc
C:\Users\Demorian\Desktop\SM2ACM3K1\SM2ACM3k1\VSBuild\src\client\client.dir\Debug\custombuild.command.1.tlog
C:\Users\Demorian\Desktop\SM2ACM3K1\SM2ACM3k1\VSBuild\src\client\client.dir\Debug\custombuild.read.1.tlog
C:\Users\Demorian\Desktop\SM2ACM3K1\SM2ACM3k1\VSBuild\src\client\client.dir\Debug\custombuild.write.1.tlog
C:\USERS\DEMORIAN\DESKTOP\SM2ACM3K1\SM2ACM3K1\VSBUILD\SRC\CLIENT\CLIENT.DIR\DEBUG\GAME.OBJ
C:\Users\Demorian\Desktop\SM2ACM3K1\SM2ACM3k1\VSBuild\src\client\client.dir\Debug\link.4700.read.1.tlog
C:\Users\Demorian\Desktop\SM2ACM3K1\SM2ACM3k1\VSBuild\src\client\client.dir\Debug\link.4700.write.1.tlog
C:\Users\Demorian\Desktop\SM2ACM3K1\SM2ACM3k1\VSBuild\src\client\client.dir\Debug\link.4700-cvtres.read.1.tlog
C:\Users\Demorian\Desktop\SM2ACM3K1\SM2ACM3k1\VSBuild\src\client\client.dir\Debug\link.4700-cvtres.write.1.tlog
C:\Users\Demorian\Desktop\SM2ACM3K1\SM2ACM3k1\VSBuild\src\client\client.dir\Debug\link.5476.read.1.tlog
C:\Users\Demorian\Desktop\SM2ACM3K1\SM2ACM3k1\VSBuild\src\client\client.dir\Debug\link.5476.write.1.tlog
C:\Users\Demorian\Desktop\SM2ACM3K1\SM2ACM3k1\VSBuild\src\client\client.dir\Debug\link.5476-cvtres.read.1.tlog
C:\Users\Demorian\Desktop\SM2ACM3K1\SM2ACM3k1\VSBuild\src\client\client.dir\Debug\link.5476-cvtres.write.1.tlog
C:\Users\Demorian\Desktop\SM2ACM3K1\SM2ACM3k1\VSBuild\src\client\client.dir\Debug\link.5600.read.1.tlog
C:\Users\Demorian\Desktop\SM2ACM3K1\SM2ACM3k1\VSBuild\src\client\client.dir\Debug\link.5600.write.1.tlog
C:\Users\Demorian\Desktop\SM2ACM3K1\SM2ACM3k1\VSBuild\src\client\client.dir\Debug\link.5600-cvtres.read.1.tlog
C:\Users\Demorian\Desktop\SM2ACM3K1\SM2ACM3k1\VSBuild\src\client\client.dir\Debug\link.5600-cvtres.write.1.tlog
C:\Users\Demorian\Desktop\SM2ACM3K1\SM2ACM3k1\VSBuild\src\client\client.dir\Debug\link.6088.read.1.tlog
C:\Users\Demorian\Desktop\SM2ACM3K1\SM2ACM3k1\VSBuild\src\client\client.dir\Debug\link.6088.write.1.tlog
C:\Users\Demorian\Desktop\SM2ACM3K1\SM2ACM3k1\VSBuild\src\client\client.dir\Debug\link.6088-cvtres.read.1.tlog
C:\Users\Demorian\Desktop\SM2ACM3K1\SM2ACM3k1\VSBuild\src\client\client.dir\Debug\link.6088-cvtres.write.1.tlog
C:\Users\Demorian\Desktop\SM2ACM3K1\SM2ACM3k1\VSBuild\src\client\client.dir\Debug\link.6260.read.1.tlog
C:\Users\Demorian\Desktop\SM2ACM3K1\SM2ACM3k1\VSBuild\src\client\client.dir\Debug\link.6260.write.1.tlog
C:\Users\Demorian\Desktop\SM2ACM3K1\SM2ACM3k1\VSBuild\src\client\client.dir\Debug\link.6260-cvtres.read.1.tlog
C:\Users\Demorian\Desktop\SM2ACM3K1\SM2ACM3k1\VSBuild\src\client\client.dir\Debug\link.6260-cvtres.write.1.tlog
C:\Users\Demorian\Desktop\SM2ACM3K1\SM2ACM3k1\VSBuild\src\client\client.dir\Debug\link.7556.read.1.tlog
C:\Users\Demorian\Desktop\SM2ACM3K1\SM2ACM3k1\VSBuild\src\client\client.dir\Debug\link.7556.write.1.tlog
C:\Users\Demorian\Desktop\SM2ACM3K1\SM2ACM3k1\VSBuild\src\client\client.dir\Debug\link.7556-cvtres.read.1.tlog
C:\Users\Demorian\Desktop\SM2ACM3K1\SM2ACM3k1\VSBuild\src\client\client.dir\Debug\link.7556-cvtres.write.1.tlog
C:\Users\Demorian\Desktop\SM2ACM3K1\SM2ACM3k1\VSBuild\src\client\client.dir\Debug\link.9028.read.1.tlog
C:\Users\Demorian\Desktop\SM2ACM3K1\SM2ACM3k1\VSBuild\src\client\client.dir\Debug\link.9028.write.1.tlog
C:\Users\Demorian\Desktop\SM2ACM3K1\SM2ACM3k1\VSBuild\src\client\client.dir\Debug\link.9028-cvtres.read.1.tlog
C:\Users\Demorian\Desktop\SM2ACM3K1\SM2ACM3k1\VSBuild\src\client\client.dir\Debug\link.9028-cvtres.write.1.tlog
C:\Users\Demorian\Desktop\SM2ACM3K1\SM2ACM3k1\VSBuild\src\client\client.dir\Debug\link.command.1.tlog
C:\Users\Demorian\Desktop\SM2ACM3K1\SM2ACM3k1\VSBuild\src\client\client.dir\Debug\link.read.1.tlog
C:\Users\Demorian\Desktop\SM2ACM3K1\SM2ACM3k1\VSBuild\src\client\client.dir\Debug\link.write.1.tlog
C:\Users\Demorian\Desktop\SM2ACM3K1\SM2ACM3k1\VSBuild\src\client\client.dir\Debug\link-cvtres.read.1.tlog
C:\Users\Demorian\Desktop\SM2ACM3K1\SM2ACM3k1\VSBuild\src\client\client.dir\Debug\link-cvtres.write.1.tlog
C:\USERS\DEMORIAN\DESKTOP\SM2ACM3K1\SM2ACM3K1\VSBUILD\SRC\CLIENT\CLIENT.DIR\DEBUG\MAIN.OBJ
C:\USERS\DEMORIAN\DESKTOP\SM2ACM3K1\SM2ACM3K1\VSBUILD\SRC\CLIENT\CLIENT.DIR\DEBUG\MAP.OBJ
C:\USERS\DEMORIAN\DESKTOP\SM2ACM3K1\SM2ACM3K1\VSBUILD\SRC\CLIENT\CLIENT.DIR\DEBUG\MAPLOADER.OBJ
C:\Users\Demorian\Desktop\SM2ACM3K1\SM2ACM3k1\VSBuild\src\client\client.dir\Debug\mt.command.1.tlog
C:\Users\Demorian\Desktop\SM2ACM3K1\SM2ACM3k1\VSBuild\src\client\client.dir\Debug\mt.read.1.tlog
C:\Users\Demorian\Desktop\SM2ACM3K1\SM2ACM3k1\VSBuild\src\client\client.dir\Debug\mt.write.1.tlog
C:\Users\Demorian\Desktop\SM2ACM3K1\SM2ACM3k1\VSBuild\src\client\client.dir\Debug\rc.command.1.tlog
C:\Users\Demorian\Desktop\SM2ACM3K1\SM2ACM3k1\VSBuild\src\client\client.dir\Debug\rc.read.1.tlog
C:\Users\Demorian\Desktop\SM2ACM3K1\SM2ACM3k1\VSBuild\src\client\client.dir\Debug\rc.write.1.tlog
C:\USERS\DEMORIAN\DESKTOP\SM2ACM3K1\SM2ACM3K1\VSBUILD\SRC\CLIENT\CMAKEFILES\GENERATE.STAMP
C:\USERS\DEMORIAN\DESKTOP\SM2ACM3K1\SM2ACM3K1\VSBUILD\SRC\CLIENT\DEBUG\CLIENT.EXE
C:\USERS\DEMORIAN\DESKTOP\SM2ACM3K1\SM2ACM3K1\VSBUILD\SRC\CLIENT\DEBUG\CLIENT.ILK
C:\USERS\DEMORIAN\DESKTOP\SM2ACM3K1\SM2ACM3K1\VSBUILD\SRC\CLIENT\DEBUG\CLIENT.PDB
