The system is: Linux - 3.4.2-1.fc16.x86_64 - x86_64
Compiling the C compiler identification source file "CMakeCCompilerId.c" succeeded.
Compiler: /usr/bin/gcc 
Build flags: 
Id flags: 

The output was:
0


Compilation of the C compiler identification source "CMakeCCompilerId.c" produced "a.out"

The C compiler identification is GNU, found in "/home/mafiamole/projects/SM2ACM3k1/build/CMakeFiles/CompilerIdC/a.out"

Compiling the CXX compiler identification source file "CMakeCXXCompilerId.cpp" succeeded.
Compiler: /usr/bin/c++ 
Build flags: 
Id flags: 

The output was:
0


Compilation of the CXX compiler identification source "CMakeCXXCompilerId.cpp" produced "a.out"

The CXX compiler identification is GNU, found in "/home/mafiamole/projects/SM2ACM3k1/build/CMakeFiles/CompilerIdCXX/a.out"

Determining if the C compiler works passed with the following output:
Change Dir: /home/mafiamole/projects/SM2ACM3k1/build/CMakeFiles/CMakeTmp

Run Build Command:/usr/bin/gmake "cmTryCompileExec1647329582/fast"
/usr/bin/gmake -f CMakeFiles/cmTryCompileExec1647329582.dir/build.make CMakeFiles/cmTryCompileExec1647329582.dir/build
gmake[1]: Entering directory `/home/mafiamole/projects/SM2ACM3k1/build/CMakeFiles/CMakeTmp'
/usr/bin/cmake -E cmake_progress_report /home/mafiamole/projects/SM2ACM3k1/build/CMakeFiles/CMakeTmp/CMakeFiles 1
Building C object CMakeFiles/cmTryCompileExec1647329582.dir/testCCompiler.c.o
/usr/bin/gcc    -o CMakeFiles/cmTryCompileExec1647329582.dir/testCCompiler.c.o   -c /home/mafiamole/projects/SM2ACM3k1/build/CMakeFiles/CMakeTmp/testCCompiler.c
Linking C executable cmTryCompileExec1647329582
/usr/bin/cmake -E cmake_link_script CMakeFiles/cmTryCompileExec1647329582.dir/link.txt --verbose=1
/usr/bin/gcc         CMakeFiles/cmTryCompileExec1647329582.dir/testCCompiler.c.o  -o cmTryCompileExec1647329582 -rdynamic 
gmake[1]: Leaving directory `/home/mafiamole/projects/SM2ACM3k1/build/CMakeFiles/CMakeTmp'


Detecting C compiler ABI info compiled with the following output:
Change Dir: /home/mafiamole/projects/SM2ACM3k1/build/CMakeFiles/CMakeTmp

Run Build Command:/usr/bin/gmake "cmTryCompileExec1518858765/fast"
/usr/bin/gmake -f CMakeFiles/cmTryCompileExec1518858765.dir/build.make CMakeFiles/cmTryCompileExec1518858765.dir/build
gmake[1]: Entering directory `/home/mafiamole/projects/SM2ACM3k1/build/CMakeFiles/CMakeTmp'
/usr/bin/cmake -E cmake_progress_report /home/mafiamole/projects/SM2ACM3k1/build/CMakeFiles/CMakeTmp/CMakeFiles 1
Building C object CMakeFiles/cmTryCompileExec1518858765.dir/CMakeCCompilerABI.c.o
/usr/bin/gcc    -o CMakeFiles/cmTryCompileExec1518858765.dir/CMakeCCompilerABI.c.o   -c /usr/share/cmake/Modules/CMakeCCompilerABI.c
Linking C executable cmTryCompileExec1518858765
/usr/bin/cmake -E cmake_link_script CMakeFiles/cmTryCompileExec1518858765.dir/link.txt --verbose=1
/usr/bin/gcc       -v CMakeFiles/cmTryCompileExec1518858765.dir/CMakeCCompilerABI.c.o  -o cmTryCompileExec1518858765 -rdynamic  
Using built-in specs.
COLLECT_GCC=/usr/bin/gcc
COLLECT_LTO_WRAPPER=/usr/libexec/gcc/x86_64-redhat-linux/4.6.3/lto-wrapper
Target: x86_64-redhat-linux
Configured with: ../configure --prefix=/usr --mandir=/usr/share/man --infodir=/usr/share/info --with-bugurl=http://bugzilla.redhat.com/bugzilla --enable-bootstrap --enable-shared --enable-threads=posix --enable-checking=release --with-system-zlib --enable-__cxa_atexit --disable-libunwind-exceptions --enable-gnu-unique-object --enable-linker-build-id --enable-languages=c,c++,objc,obj-c++,java,fortran,ada,go,lto --enable-plugin --enable-java-awt=gtk --disable-dssi --with-java-home=/usr/lib/jvm/java-1.5.0-gcj-1.5.0.0/jre --enable-libgcj-multifile --enable-java-maintainer-mode --with-ecj-jar=/usr/share/java/eclipse-ecj.jar --disable-libjava-multilib --with-ppl --with-cloog --with-tune=generic --with-arch_32=i686 --build=x86_64-redhat-linux
Thread model: posix
gcc version 4.6.3 20120306 (Red Hat 4.6.3-2) (GCC) 
COMPILER_PATH=/usr/libexec/gcc/x86_64-redhat-linux/4.6.3/:/usr/libexec/gcc/x86_64-redhat-linux/4.6.3/:/usr/libexec/gcc/x86_64-redhat-linux/:/usr/lib/gcc/x86_64-redhat-linux/4.6.3/:/usr/lib/gcc/x86_64-redhat-linux/
LIBRARY_PATH=/usr/lib/gcc/x86_64-redhat-linux/4.6.3/:/usr/lib/gcc/x86_64-redhat-linux/4.6.3/../../../../lib64/:/lib/../lib64/:/usr/lib/../lib64/:/usr/lib/gcc/x86_64-redhat-linux/4.6.3/../../../:/lib/:/usr/lib/
COLLECT_GCC_OPTIONS='-v' '-o' 'cmTryCompileExec1518858765' '-rdynamic' '-mtune=generic' '-march=x86-64'
 /usr/libexec/gcc/x86_64-redhat-linux/4.6.3/collect2 --build-id --no-add-needed --eh-frame-hdr -m elf_x86_64 --hash-style=gnu -export-dynamic -dynamic-linker /lib64/ld-linux-x86-64.so.2 -o cmTryCompileExec1518858765 /usr/lib/gcc/x86_64-redhat-linux/4.6.3/../../../../lib64/crt1.o /usr/lib/gcc/x86_64-redhat-linux/4.6.3/../../../../lib64/crti.o /usr/lib/gcc/x86_64-redhat-linux/4.6.3/crtbegin.o -L/usr/lib/gcc/x86_64-redhat-linux/4.6.3 -L/usr/lib/gcc/x86_64-redhat-linux/4.6.3/../../../../lib64 -L/lib/../lib64 -L/usr/lib/../lib64 -L/usr/lib/gcc/x86_64-redhat-linux/4.6.3/../../.. CMakeFiles/cmTryCompileExec1518858765.dir/CMakeCCompilerABI.c.o -lgcc --as-needed -lgcc_s --no-as-needed -lc -lgcc --as-needed -lgcc_s --no-as-needed /usr/lib/gcc/x86_64-redhat-linux/4.6.3/crtend.o /usr/lib/gcc/x86_64-redhat-linux/4.6.3/../../../../lib64/crtn.o
gmake[1]: Leaving directory `/home/mafiamole/projects/SM2ACM3k1/build/CMakeFiles/CMakeTmp'


Parsed C implicit link information from above output:
  link line regex: [^( *|.*[/\])(ld|ld|collect2)[^/\]*( |$)]
  ignore line: [Change Dir: /home/mafiamole/projects/SM2ACM3k1/build/CMakeFiles/CMakeTmp]
  ignore line: []
  ignore line: [Run Build Command:/usr/bin/gmake "cmTryCompileExec1518858765/fast"]
  ignore line: [/usr/bin/gmake -f CMakeFiles/cmTryCompileExec1518858765.dir/build.make CMakeFiles/cmTryCompileExec1518858765.dir/build]
  ignore line: [gmake[1]: Entering directory `/home/mafiamole/projects/SM2ACM3k1/build/CMakeFiles/CMakeTmp']
  ignore line: [/usr/bin/cmake -E cmake_progress_report /home/mafiamole/projects/SM2ACM3k1/build/CMakeFiles/CMakeTmp/CMakeFiles 1]
  ignore line: [Building C object CMakeFiles/cmTryCompileExec1518858765.dir/CMakeCCompilerABI.c.o]
  ignore line: [/usr/bin/gcc    -o CMakeFiles/cmTryCompileExec1518858765.dir/CMakeCCompilerABI.c.o   -c /usr/share/cmake/Modules/CMakeCCompilerABI.c]
  ignore line: [Linking C executable cmTryCompileExec1518858765]
  ignore line: [/usr/bin/cmake -E cmake_link_script CMakeFiles/cmTryCompileExec1518858765.dir/link.txt --verbose=1]
  ignore line: [/usr/bin/gcc       -v CMakeFiles/cmTryCompileExec1518858765.dir/CMakeCCompilerABI.c.o  -o cmTryCompileExec1518858765 -rdynamic  ]
  ignore line: [Using built-in specs.]
  ignore line: [COLLECT_GCC=/usr/bin/gcc]
  ignore line: [COLLECT_LTO_WRAPPER=/usr/libexec/gcc/x86_64-redhat-linux/4.6.3/lto-wrapper]
  ignore line: [Target: x86_64-redhat-linux]
  ignore line: [Configured with: ../configure --prefix=/usr --mandir=/usr/share/man --infodir=/usr/share/info --with-bugurl=http://bugzilla.redhat.com/bugzilla --enable-bootstrap --enable-shared --enable-threads=posix --enable-checking=release --with-system-zlib --enable-__cxa_atexit --disable-libunwind-exceptions --enable-gnu-unique-object --enable-linker-build-id --enable-languages=c,c++,objc,obj-c++,java,fortran,ada,go,lto --enable-plugin --enable-java-awt=gtk --disable-dssi --with-java-home=/usr/lib/jvm/java-1.5.0-gcj-1.5.0.0/jre --enable-libgcj-multifile --enable-java-maintainer-mode --with-ecj-jar=/usr/share/java/eclipse-ecj.jar --disable-libjava-multilib --with-ppl --with-cloog --with-tune=generic --with-arch_32=i686 --build=x86_64-redhat-linux]
  ignore line: [Thread model: posix]
  ignore line: [gcc version 4.6.3 20120306 (Red Hat 4.6.3-2) (GCC) ]
  ignore line: [COMPILER_PATH=/usr/libexec/gcc/x86_64-redhat-linux/4.6.3/:/usr/libexec/gcc/x86_64-redhat-linux/4.6.3/:/usr/libexec/gcc/x86_64-redhat-linux/:/usr/lib/gcc/x86_64-redhat-linux/4.6.3/:/usr/lib/gcc/x86_64-redhat-linux/]
  ignore line: [LIBRARY_PATH=/usr/lib/gcc/x86_64-redhat-linux/4.6.3/:/usr/lib/gcc/x86_64-redhat-linux/4.6.3/../../../../lib64/:/lib/../lib64/:/usr/lib/../lib64/:/usr/lib/gcc/x86_64-redhat-linux/4.6.3/../../../:/lib/:/usr/lib/]
  ignore line: [COLLECT_GCC_OPTIONS='-v' '-o' 'cmTryCompileExec1518858765' '-rdynamic' '-mtune=generic' '-march=x86-64']
  link line: [ /usr/libexec/gcc/x86_64-redhat-linux/4.6.3/collect2 --build-id --no-add-needed --eh-frame-hdr -m elf_x86_64 --hash-style=gnu -export-dynamic -dynamic-linker /lib64/ld-linux-x86-64.so.2 -o cmTryCompileExec1518858765 /usr/lib/gcc/x86_64-redhat-linux/4.6.3/../../../../lib64/crt1.o /usr/lib/gcc/x86_64-redhat-linux/4.6.3/../../../../lib64/crti.o /usr/lib/gcc/x86_64-redhat-linux/4.6.3/crtbegin.o -L/usr/lib/gcc/x86_64-redhat-linux/4.6.3 -L/usr/lib/gcc/x86_64-redhat-linux/4.6.3/../../../../lib64 -L/lib/../lib64 -L/usr/lib/../lib64 -L/usr/lib/gcc/x86_64-redhat-linux/4.6.3/../../.. CMakeFiles/cmTryCompileExec1518858765.dir/CMakeCCompilerABI.c.o -lgcc --as-needed -lgcc_s --no-as-needed -lc -lgcc --as-needed -lgcc_s --no-as-needed /usr/lib/gcc/x86_64-redhat-linux/4.6.3/crtend.o /usr/lib/gcc/x86_64-redhat-linux/4.6.3/../../../../lib64/crtn.o]
    arg [/usr/libexec/gcc/x86_64-redhat-linux/4.6.3/collect2] ==> ignore
    arg [--build-id] ==> ignore
    arg [--no-add-needed] ==> ignore
    arg [--eh-frame-hdr] ==> ignore
    arg [-m] ==> ignore
    arg [elf_x86_64] ==> ignore
    arg [--hash-style=gnu] ==> ignore
    arg [-export-dynamic] ==> ignore
    arg [-dynamic-linker] ==> ignore
    arg [/lib64/ld-linux-x86-64.so.2] ==> ignore
    arg [-o] ==> ignore
    arg [cmTryCompileExec1518858765] ==> ignore
    arg [/usr/lib/gcc/x86_64-redhat-linux/4.6.3/../../../../lib64/crt1.o] ==> ignore
    arg [/usr/lib/gcc/x86_64-redhat-linux/4.6.3/../../../../lib64/crti.o] ==> ignore
    arg [/usr/lib/gcc/x86_64-redhat-linux/4.6.3/crtbegin.o] ==> ignore
    arg [-L/usr/lib/gcc/x86_64-redhat-linux/4.6.3] ==> dir [/usr/lib/gcc/x86_64-redhat-linux/4.6.3]
    arg [-L/usr/lib/gcc/x86_64-redhat-linux/4.6.3/../../../../lib64] ==> dir [/usr/lib/gcc/x86_64-redhat-linux/4.6.3/../../../../lib64]
    arg [-L/lib/../lib64] ==> dir [/lib/../lib64]
    arg [-L/usr/lib/../lib64] ==> dir [/usr/lib/../lib64]
    arg [-L/usr/lib/gcc/x86_64-redhat-linux/4.6.3/../../..] ==> dir [/usr/lib/gcc/x86_64-redhat-linux/4.6.3/../../..]
    arg [CMakeFiles/cmTryCompileExec1518858765.dir/CMakeCCompilerABI.c.o] ==> ignore
    arg [-lgcc] ==> lib [gcc]
    arg [--as-needed] ==> ignore
    arg [-lgcc_s] ==> lib [gcc_s]
    arg [--no-as-needed] ==> ignore
    arg [-lc] ==> lib [c]
    arg [-lgcc] ==> lib [gcc]
    arg [--as-needed] ==> ignore
    arg [-lgcc_s] ==> lib [gcc_s]
    arg [--no-as-needed] ==> ignore
    arg [/usr/lib/gcc/x86_64-redhat-linux/4.6.3/crtend.o] ==> ignore
    arg [/usr/lib/gcc/x86_64-redhat-linux/4.6.3/../../../../lib64/crtn.o] ==> ignore
  remove lib [gcc]
  remove lib [gcc_s]
  remove lib [gcc]
  remove lib [gcc_s]
  collapse dir [/usr/lib/gcc/x86_64-redhat-linux/4.6.3] ==> [/usr/lib/gcc/x86_64-redhat-linux/4.6.3]
  collapse dir [/usr/lib/gcc/x86_64-redhat-linux/4.6.3/../../../../lib64] ==> [/usr/lib64]
  collapse dir [/lib/../lib64] ==> [/lib64]
  collapse dir [/usr/lib/../lib64] ==> [/usr/lib64]
  collapse dir [/usr/lib/gcc/x86_64-redhat-linux/4.6.3/../../..] ==> [/usr/lib]
  implicit libs: [c]
  implicit dirs: [/usr/lib/gcc/x86_64-redhat-linux/4.6.3;/usr/lib64;/lib64;/usr/lib]


Determining if the CXX compiler works passed with the following output:
Change Dir: /home/mafiamole/projects/SM2ACM3k1/build/CMakeFiles/CMakeTmp

Run Build Command:/usr/bin/gmake "cmTryCompileExec1211909128/fast"
/usr/bin/gmake -f CMakeFiles/cmTryCompileExec1211909128.dir/build.make CMakeFiles/cmTryCompileExec1211909128.dir/build
gmake[1]: Entering directory `/home/mafiamole/projects/SM2ACM3k1/build/CMakeFiles/CMakeTmp'
/usr/bin/cmake -E cmake_progress_report /home/mafiamole/projects/SM2ACM3k1/build/CMakeFiles/CMakeTmp/CMakeFiles 1
Building CXX object CMakeFiles/cmTryCompileExec1211909128.dir/testCXXCompiler.cxx.o
/usr/bin/c++     -o CMakeFiles/cmTryCompileExec1211909128.dir/testCXXCompiler.cxx.o -c /home/mafiamole/projects/SM2ACM3k1/build/CMakeFiles/CMakeTmp/testCXXCompiler.cxx
Linking CXX executable cmTryCompileExec1211909128
/usr/bin/cmake -E cmake_link_script CMakeFiles/cmTryCompileExec1211909128.dir/link.txt --verbose=1
/usr/bin/c++          CMakeFiles/cmTryCompileExec1211909128.dir/testCXXCompiler.cxx.o  -o cmTryCompileExec1211909128 -rdynamic 
gmake[1]: Leaving directory `/home/mafiamole/projects/SM2ACM3k1/build/CMakeFiles/CMakeTmp'


Detecting CXX compiler ABI info compiled with the following output:
Change Dir: /home/mafiamole/projects/SM2ACM3k1/build/CMakeFiles/CMakeTmp

Run Build Command:/usr/bin/gmake "cmTryCompileExec259767739/fast"
/usr/bin/gmake -f CMakeFiles/cmTryCompileExec259767739.dir/build.make CMakeFiles/cmTryCompileExec259767739.dir/build
gmake[1]: Entering directory `/home/mafiamole/projects/SM2ACM3k1/build/CMakeFiles/CMakeTmp'
/usr/bin/cmake -E cmake_progress_report /home/mafiamole/projects/SM2ACM3k1/build/CMakeFiles/CMakeTmp/CMakeFiles 1
Building CXX object CMakeFiles/cmTryCompileExec259767739.dir/CMakeCXXCompilerABI.cpp.o
/usr/bin/c++     -o CMakeFiles/cmTryCompileExec259767739.dir/CMakeCXXCompilerABI.cpp.o -c /usr/share/cmake/Modules/CMakeCXXCompilerABI.cpp
Linking CXX executable cmTryCompileExec259767739
/usr/bin/cmake -E cmake_link_script CMakeFiles/cmTryCompileExec259767739.dir/link.txt --verbose=1
/usr/bin/c++        -v CMakeFiles/cmTryCompileExec259767739.dir/CMakeCXXCompilerABI.cpp.o  -o cmTryCompileExec259767739 -rdynamic  
Using built-in specs.
COLLECT_GCC=/usr/bin/c++
COLLECT_LTO_WRAPPER=/usr/libexec/gcc/x86_64-redhat-linux/4.6.3/lto-wrapper
Target: x86_64-redhat-linux
Configured with: ../configure --prefix=/usr --mandir=/usr/share/man --infodir=/usr/share/info --with-bugurl=http://bugzilla.redhat.com/bugzilla --enable-bootstrap --enable-shared --enable-threads=posix --enable-checking=release --with-system-zlib --enable-__cxa_atexit --disable-libunwind-exceptions --enable-gnu-unique-object --enable-linker-build-id --enable-languages=c,c++,objc,obj-c++,java,fortran,ada,go,lto --enable-plugin --enable-java-awt=gtk --disable-dssi --with-java-home=/usr/lib/jvm/java-1.5.0-gcj-1.5.0.0/jre --enable-libgcj-multifile --enable-java-maintainer-mode --with-ecj-jar=/usr/share/java/eclipse-ecj.jar --disable-libjava-multilib --with-ppl --with-cloog --with-tune=generic --with-arch_32=i686 --build=x86_64-redhat-linux
Thread model: posix
gcc version 4.6.3 20120306 (Red Hat 4.6.3-2) (GCC) 
COMPILER_PATH=/usr/libexec/gcc/x86_64-redhat-linux/4.6.3/:/usr/libexec/gcc/x86_64-redhat-linux/4.6.3/:/usr/libexec/gcc/x86_64-redhat-linux/:/usr/lib/gcc/x86_64-redhat-linux/4.6.3/:/usr/lib/gcc/x86_64-redhat-linux/
LIBRARY_PATH=/usr/lib/gcc/x86_64-redhat-linux/4.6.3/:/usr/lib/gcc/x86_64-redhat-linux/4.6.3/../../../../lib64/:/lib/../lib64/:/usr/lib/../lib64/:/usr/lib/gcc/x86_64-redhat-linux/4.6.3/../../../:/lib/:/usr/lib/
COLLECT_GCC_OPTIONS='-v' '-o' 'cmTryCompileExec259767739' '-rdynamic' '-shared-libgcc' '-mtune=generic' '-march=x86-64'
 /usr/libexec/gcc/x86_64-redhat-linux/4.6.3/collect2 --build-id --no-add-needed --eh-frame-hdr -m elf_x86_64 --hash-style=gnu -export-dynamic -dynamic-linker /lib64/ld-linux-x86-64.so.2 -o cmTryCompileExec259767739 /usr/lib/gcc/x86_64-redhat-linux/4.6.3/../../../../lib64/crt1.o /usr/lib/gcc/x86_64-redhat-linux/4.6.3/../../../../lib64/crti.o /usr/lib/gcc/x86_64-redhat-linux/4.6.3/crtbegin.o -L/usr/lib/gcc/x86_64-redhat-linux/4.6.3 -L/usr/lib/gcc/x86_64-redhat-linux/4.6.3/../../../../lib64 -L/lib/../lib64 -L/usr/lib/../lib64 -L/usr/lib/gcc/x86_64-redhat-linux/4.6.3/../../.. CMakeFiles/cmTryCompileExec259767739.dir/CMakeCXXCompilerABI.cpp.o -lstdc++ -lm -lgcc_s -lgcc -lc -lgcc_s -lgcc /usr/lib/gcc/x86_64-redhat-linux/4.6.3/crtend.o /usr/lib/gcc/x86_64-redhat-linux/4.6.3/../../../../lib64/crtn.o
gmake[1]: Leaving directory `/home/mafiamole/projects/SM2ACM3k1/build/CMakeFiles/CMakeTmp'


Parsed CXX implicit link information from above output:
  link line regex: [^( *|.*[/\])(ld|ld|collect2)[^/\]*( |$)]
  ignore line: [Change Dir: /home/mafiamole/projects/SM2ACM3k1/build/CMakeFiles/CMakeTmp]
  ignore line: []
  ignore line: [Run Build Command:/usr/bin/gmake "cmTryCompileExec259767739/fast"]
  ignore line: [/usr/bin/gmake -f CMakeFiles/cmTryCompileExec259767739.dir/build.make CMakeFiles/cmTryCompileExec259767739.dir/build]
  ignore line: [gmake[1]: Entering directory `/home/mafiamole/projects/SM2ACM3k1/build/CMakeFiles/CMakeTmp']
  ignore line: [/usr/bin/cmake -E cmake_progress_report /home/mafiamole/projects/SM2ACM3k1/build/CMakeFiles/CMakeTmp/CMakeFiles 1]
  ignore line: [Building CXX object CMakeFiles/cmTryCompileExec259767739.dir/CMakeCXXCompilerABI.cpp.o]
  ignore line: [/usr/bin/c++     -o CMakeFiles/cmTryCompileExec259767739.dir/CMakeCXXCompilerABI.cpp.o -c /usr/share/cmake/Modules/CMakeCXXCompilerABI.cpp]
  ignore line: [Linking CXX executable cmTryCompileExec259767739]
  ignore line: [/usr/bin/cmake -E cmake_link_script CMakeFiles/cmTryCompileExec259767739.dir/link.txt --verbose=1]
  ignore line: [/usr/bin/c++        -v CMakeFiles/cmTryCompileExec259767739.dir/CMakeCXXCompilerABI.cpp.o  -o cmTryCompileExec259767739 -rdynamic  ]
  ignore line: [Using built-in specs.]
  ignore line: [COLLECT_GCC=/usr/bin/c++]
  ignore line: [COLLECT_LTO_WRAPPER=/usr/libexec/gcc/x86_64-redhat-linux/4.6.3/lto-wrapper]
  ignore line: [Target: x86_64-redhat-linux]
  ignore line: [Configured with: ../configure --prefix=/usr --mandir=/usr/share/man --infodir=/usr/share/info --with-bugurl=http://bugzilla.redhat.com/bugzilla --enable-bootstrap --enable-shared --enable-threads=posix --enable-checking=release --with-system-zlib --enable-__cxa_atexit --disable-libunwind-exceptions --enable-gnu-unique-object --enable-linker-build-id --enable-languages=c,c++,objc,obj-c++,java,fortran,ada,go,lto --enable-plugin --enable-java-awt=gtk --disable-dssi --with-java-home=/usr/lib/jvm/java-1.5.0-gcj-1.5.0.0/jre --enable-libgcj-multifile --enable-java-maintainer-mode --with-ecj-jar=/usr/share/java/eclipse-ecj.jar --disable-libjava-multilib --with-ppl --with-cloog --with-tune=generic --with-arch_32=i686 --build=x86_64-redhat-linux]
  ignore line: [Thread model: posix]
  ignore line: [gcc version 4.6.3 20120306 (Red Hat 4.6.3-2) (GCC) ]
  ignore line: [COMPILER_PATH=/usr/libexec/gcc/x86_64-redhat-linux/4.6.3/:/usr/libexec/gcc/x86_64-redhat-linux/4.6.3/:/usr/libexec/gcc/x86_64-redhat-linux/:/usr/lib/gcc/x86_64-redhat-linux/4.6.3/:/usr/lib/gcc/x86_64-redhat-linux/]
  ignore line: [LIBRARY_PATH=/usr/lib/gcc/x86_64-redhat-linux/4.6.3/:/usr/lib/gcc/x86_64-redhat-linux/4.6.3/../../../../lib64/:/lib/../lib64/:/usr/lib/../lib64/:/usr/lib/gcc/x86_64-redhat-linux/4.6.3/../../../:/lib/:/usr/lib/]
  ignore line: [COLLECT_GCC_OPTIONS='-v' '-o' 'cmTryCompileExec259767739' '-rdynamic' '-shared-libgcc' '-mtune=generic' '-march=x86-64']
  link line: [ /usr/libexec/gcc/x86_64-redhat-linux/4.6.3/collect2 --build-id --no-add-needed --eh-frame-hdr -m elf_x86_64 --hash-style=gnu -export-dynamic -dynamic-linker /lib64/ld-linux-x86-64.so.2 -o cmTryCompileExec259767739 /usr/lib/gcc/x86_64-redhat-linux/4.6.3/../../../../lib64/crt1.o /usr/lib/gcc/x86_64-redhat-linux/4.6.3/../../../../lib64/crti.o /usr/lib/gcc/x86_64-redhat-linux/4.6.3/crtbegin.o -L/usr/lib/gcc/x86_64-redhat-linux/4.6.3 -L/usr/lib/gcc/x86_64-redhat-linux/4.6.3/../../../../lib64 -L/lib/../lib64 -L/usr/lib/../lib64 -L/usr/lib/gcc/x86_64-redhat-linux/4.6.3/../../.. CMakeFiles/cmTryCompileExec259767739.dir/CMakeCXXCompilerABI.cpp.o -lstdc++ -lm -lgcc_s -lgcc -lc -lgcc_s -lgcc /usr/lib/gcc/x86_64-redhat-linux/4.6.3/crtend.o /usr/lib/gcc/x86_64-redhat-linux/4.6.3/../../../../lib64/crtn.o]
    arg [/usr/libexec/gcc/x86_64-redhat-linux/4.6.3/collect2] ==> ignore
    arg [--build-id] ==> ignore
    arg [--no-add-needed] ==> ignore
    arg [--eh-frame-hdr] ==> ignore
    arg [-m] ==> ignore
    arg [elf_x86_64] ==> ignore
    arg [--hash-style=gnu] ==> ignore
    arg [-export-dynamic] ==> ignore
    arg [-dynamic-linker] ==> ignore
    arg [/lib64/ld-linux-x86-64.so.2] ==> ignore
    arg [-o] ==> ignore
    arg [cmTryCompileExec259767739] ==> ignore
    arg [/usr/lib/gcc/x86_64-redhat-linux/4.6.3/../../../../lib64/crt1.o] ==> ignore
    arg [/usr/lib/gcc/x86_64-redhat-linux/4.6.3/../../../../lib64/crti.o] ==> ignore
    arg [/usr/lib/gcc/x86_64-redhat-linux/4.6.3/crtbegin.o] ==> ignore
    arg [-L/usr/lib/gcc/x86_64-redhat-linux/4.6.3] ==> dir [/usr/lib/gcc/x86_64-redhat-linux/4.6.3]
    arg [-L/usr/lib/gcc/x86_64-redhat-linux/4.6.3/../../../../lib64] ==> dir [/usr/lib/gcc/x86_64-redhat-linux/4.6.3/../../../../lib64]
    arg [-L/lib/../lib64] ==> dir [/lib/../lib64]
    arg [-L/usr/lib/../lib64] ==> dir [/usr/lib/../lib64]
    arg [-L/usr/lib/gcc/x86_64-redhat-linux/4.6.3/../../..] ==> dir [/usr/lib/gcc/x86_64-redhat-linux/4.6.3/../../..]
    arg [CMakeFiles/cmTryCompileExec259767739.dir/CMakeCXXCompilerABI.cpp.o] ==> ignore
    arg [-lstdc++] ==> lib [stdc++]
    arg [-lm] ==> lib [m]
    arg [-lgcc_s] ==> lib [gcc_s]
    arg [-lgcc] ==> lib [gcc]
    arg [-lc] ==> lib [c]
    arg [-lgcc_s] ==> lib [gcc_s]
    arg [-lgcc] ==> lib [gcc]
    arg [/usr/lib/gcc/x86_64-redhat-linux/4.6.3/crtend.o] ==> ignore
    arg [/usr/lib/gcc/x86_64-redhat-linux/4.6.3/../../../../lib64/crtn.o] ==> ignore
  remove lib [gcc_s]
  remove lib [gcc]
  remove lib [gcc_s]
  remove lib [gcc]
  collapse dir [/usr/lib/gcc/x86_64-redhat-linux/4.6.3] ==> [/usr/lib/gcc/x86_64-redhat-linux/4.6.3]
  collapse dir [/usr/lib/gcc/x86_64-redhat-linux/4.6.3/../../../../lib64] ==> [/usr/lib64]
  collapse dir [/lib/../lib64] ==> [/lib64]
  collapse dir [/usr/lib/../lib64] ==> [/usr/lib64]
  collapse dir [/usr/lib/gcc/x86_64-redhat-linux/4.6.3/../../..] ==> [/usr/lib]
  implicit libs: [stdc++;m;c]
  implicit dirs: [/usr/lib/gcc/x86_64-redhat-linux/4.6.3;/usr/lib64;/lib64;/usr/lib]


Determining if the function XOpenDisplay exists in the /usr/lib64/libX11.so;/usr/lib64/libXext.so passed with the following output:
Change Dir: /home/mafiamole/projects/SM2ACM3k1/build/CMakeFiles/CMakeTmp

Run Build Command:/usr/bin/gmake "cmTryCompileExec4151899008/fast"
gmake[1]: Entering directory `/home/mafiamole/projects/SM2ACM3k1/build/CMakeFiles/CMakeTmp'
/usr/bin/gmake -f CMakeFiles/cmTryCompileExec4151899008.dir/build.make CMakeFiles/cmTryCompileExec4151899008.dir/build
gmake[2]: Entering directory `/home/mafiamole/projects/SM2ACM3k1/build/CMakeFiles/CMakeTmp'
/usr/bin/cmake -E cmake_progress_report /home/mafiamole/projects/SM2ACM3k1/build/CMakeFiles/CMakeTmp/CMakeFiles 1
Building C object CMakeFiles/cmTryCompileExec4151899008.dir/CheckFunctionExists.c.o
/usr/bin/gcc   -DCHECK_FUNCTION_EXISTS=XOpenDisplay   -o CMakeFiles/cmTryCompileExec4151899008.dir/CheckFunctionExists.c.o   -c /usr/share/cmake/Modules/CheckFunctionExists.c
Linking C executable cmTryCompileExec4151899008
/usr/bin/cmake -E cmake_link_script CMakeFiles/cmTryCompileExec4151899008.dir/link.txt --verbose=1
/usr/bin/gcc     -DCHECK_FUNCTION_EXISTS=XOpenDisplay    CMakeFiles/cmTryCompileExec4151899008.dir/CheckFunctionExists.c.o  -o cmTryCompileExec4151899008 -rdynamic -lX11 -lXext 
gmake[2]: Leaving directory `/home/mafiamole/projects/SM2ACM3k1/build/CMakeFiles/CMakeTmp'
gmake[1]: Leaving directory `/home/mafiamole/projects/SM2ACM3k1/build/CMakeFiles/CMakeTmp'


Determining if the function gethostbyname exists passed with the following output:
Change Dir: /home/mafiamole/projects/SM2ACM3k1/build/CMakeFiles/CMakeTmp

Run Build Command:/usr/bin/gmake "cmTryCompileExec1494735060/fast"
gmake[1]: Entering directory `/home/mafiamole/projects/SM2ACM3k1/build/CMakeFiles/CMakeTmp'
/usr/bin/gmake -f CMakeFiles/cmTryCompileExec1494735060.dir/build.make CMakeFiles/cmTryCompileExec1494735060.dir/build
gmake[2]: Entering directory `/home/mafiamole/projects/SM2ACM3k1/build/CMakeFiles/CMakeTmp'
/usr/bin/cmake -E cmake_progress_report /home/mafiamole/projects/SM2ACM3k1/build/CMakeFiles/CMakeTmp/CMakeFiles 1
Building C object CMakeFiles/cmTryCompileExec1494735060.dir/CheckFunctionExists.c.o
/usr/bin/gcc   -DCHECK_FUNCTION_EXISTS=gethostbyname   -o CMakeFiles/cmTryCompileExec1494735060.dir/CheckFunctionExists.c.o   -c /usr/share/cmake/Modules/CheckFunctionExists.c
Linking C executable cmTryCompileExec1494735060
/usr/bin/cmake -E cmake_link_script CMakeFiles/cmTryCompileExec1494735060.dir/link.txt --verbose=1
/usr/bin/gcc     -DCHECK_FUNCTION_EXISTS=gethostbyname    CMakeFiles/cmTryCompileExec1494735060.dir/CheckFunctionExists.c.o  -o cmTryCompileExec1494735060 -rdynamic 
gmake[2]: Leaving directory `/home/mafiamole/projects/SM2ACM3k1/build/CMakeFiles/CMakeTmp'
gmake[1]: Leaving directory `/home/mafiamole/projects/SM2ACM3k1/build/CMakeFiles/CMakeTmp'


Determining if the function connect exists passed with the following output:
Change Dir: /home/mafiamole/projects/SM2ACM3k1/build/CMakeFiles/CMakeTmp

Run Build Command:/usr/bin/gmake "cmTryCompileExec3011460129/fast"
gmake[1]: Entering directory `/home/mafiamole/projects/SM2ACM3k1/build/CMakeFiles/CMakeTmp'
/usr/bin/gmake -f CMakeFiles/cmTryCompileExec3011460129.dir/build.make CMakeFiles/cmTryCompileExec3011460129.dir/build
gmake[2]: Entering directory `/home/mafiamole/projects/SM2ACM3k1/build/CMakeFiles/CMakeTmp'
/usr/bin/cmake -E cmake_progress_report /home/mafiamole/projects/SM2ACM3k1/build/CMakeFiles/CMakeTmp/CMakeFiles 1
Building C object CMakeFiles/cmTryCompileExec3011460129.dir/CheckFunctionExists.c.o
/usr/bin/gcc   -DCHECK_FUNCTION_EXISTS=connect   -o CMakeFiles/cmTryCompileExec3011460129.dir/CheckFunctionExists.c.o   -c /usr/share/cmake/Modules/CheckFunctionExists.c
Linking C executable cmTryCompileExec3011460129
/usr/bin/cmake -E cmake_link_script CMakeFiles/cmTryCompileExec3011460129.dir/link.txt --verbose=1
/usr/bin/gcc     -DCHECK_FUNCTION_EXISTS=connect    CMakeFiles/cmTryCompileExec3011460129.dir/CheckFunctionExists.c.o  -o cmTryCompileExec3011460129 -rdynamic 
gmake[2]: Leaving directory `/home/mafiamole/projects/SM2ACM3k1/build/CMakeFiles/CMakeTmp'
gmake[1]: Leaving directory `/home/mafiamole/projects/SM2ACM3k1/build/CMakeFiles/CMakeTmp'


Determining if the function remove exists passed with the following output:
Change Dir: /home/mafiamole/projects/SM2ACM3k1/build/CMakeFiles/CMakeTmp

Run Build Command:/usr/bin/gmake "cmTryCompileExec2774118383/fast"
gmake[1]: Entering directory `/home/mafiamole/projects/SM2ACM3k1/build/CMakeFiles/CMakeTmp'
/usr/bin/gmake -f CMakeFiles/cmTryCompileExec2774118383.dir/build.make CMakeFiles/cmTryCompileExec2774118383.dir/build
gmake[2]: Entering directory `/home/mafiamole/projects/SM2ACM3k1/build/CMakeFiles/CMakeTmp'
/usr/bin/cmake -E cmake_progress_report /home/mafiamole/projects/SM2ACM3k1/build/CMakeFiles/CMakeTmp/CMakeFiles 1
Building C object CMakeFiles/cmTryCompileExec2774118383.dir/CheckFunctionExists.c.o
/usr/bin/gcc   -DCHECK_FUNCTION_EXISTS=remove   -o CMakeFiles/cmTryCompileExec2774118383.dir/CheckFunctionExists.c.o   -c /usr/share/cmake/Modules/CheckFunctionExists.c
Linking C executable cmTryCompileExec2774118383
/usr/bin/cmake -E cmake_link_script CMakeFiles/cmTryCompileExec2774118383.dir/link.txt --verbose=1
/usr/bin/gcc     -DCHECK_FUNCTION_EXISTS=remove    CMakeFiles/cmTryCompileExec2774118383.dir/CheckFunctionExists.c.o  -o cmTryCompileExec2774118383 -rdynamic 
gmake[2]: Leaving directory `/home/mafiamole/projects/SM2ACM3k1/build/CMakeFiles/CMakeTmp'
gmake[1]: Leaving directory `/home/mafiamole/projects/SM2ACM3k1/build/CMakeFiles/CMakeTmp'


Determining if the function shmat exists passed with the following output:
Change Dir: /home/mafiamole/projects/SM2ACM3k1/build/CMakeFiles/CMakeTmp

Run Build Command:/usr/bin/gmake "cmTryCompileExec1469462663/fast"
gmake[1]: Entering directory `/home/mafiamole/projects/SM2ACM3k1/build/CMakeFiles/CMakeTmp'
/usr/bin/gmake -f CMakeFiles/cmTryCompileExec1469462663.dir/build.make CMakeFiles/cmTryCompileExec1469462663.dir/build
gmake[2]: Entering directory `/home/mafiamole/projects/SM2ACM3k1/build/CMakeFiles/CMakeTmp'
/usr/bin/cmake -E cmake_progress_report /home/mafiamole/projects/SM2ACM3k1/build/CMakeFiles/CMakeTmp/CMakeFiles 1
Building C object CMakeFiles/cmTryCompileExec1469462663.dir/CheckFunctionExists.c.o
/usr/bin/gcc   -DCHECK_FUNCTION_EXISTS=shmat   -o CMakeFiles/cmTryCompileExec1469462663.dir/CheckFunctionExists.c.o   -c /usr/share/cmake/Modules/CheckFunctionExists.c
Linking C executable cmTryCompileExec1469462663
/usr/bin/cmake -E cmake_link_script CMakeFiles/cmTryCompileExec1469462663.dir/link.txt --verbose=1
/usr/bin/gcc     -DCHECK_FUNCTION_EXISTS=shmat    CMakeFiles/cmTryCompileExec1469462663.dir/CheckFunctionExists.c.o  -o cmTryCompileExec1469462663 -rdynamic 
gmake[2]: Leaving directory `/home/mafiamole/projects/SM2ACM3k1/build/CMakeFiles/CMakeTmp'
gmake[1]: Leaving directory `/home/mafiamole/projects/SM2ACM3k1/build/CMakeFiles/CMakeTmp'


Determining if the function IceConnectionNumber exists in the ICE passed with the following output:
Change Dir: /home/mafiamole/projects/SM2ACM3k1/build/CMakeFiles/CMakeTmp

Run Build Command:/usr/bin/gmake "cmTryCompileExec4121990200/fast"
gmake[1]: Entering directory `/home/mafiamole/projects/SM2ACM3k1/build/CMakeFiles/CMakeTmp'
/usr/bin/gmake -f CMakeFiles/cmTryCompileExec4121990200.dir/build.make CMakeFiles/cmTryCompileExec4121990200.dir/build
gmake[2]: Entering directory `/home/mafiamole/projects/SM2ACM3k1/build/CMakeFiles/CMakeTmp'
/usr/bin/cmake -E cmake_progress_report /home/mafiamole/projects/SM2ACM3k1/build/CMakeFiles/CMakeTmp/CMakeFiles 1
Building C object CMakeFiles/cmTryCompileExec4121990200.dir/CheckFunctionExists.c.o
/usr/bin/gcc   -DCHECK_FUNCTION_EXISTS=IceConnectionNumber   -o CMakeFiles/cmTryCompileExec4121990200.dir/CheckFunctionExists.c.o   -c /usr/share/cmake/Modules/CheckFunctionExists.c
Linking C executable cmTryCompileExec4121990200
/usr/bin/cmake -E cmake_link_script CMakeFiles/cmTryCompileExec4121990200.dir/link.txt --verbose=1
/usr/bin/gcc     -DCHECK_FUNCTION_EXISTS=IceConnectionNumber    CMakeFiles/cmTryCompileExec4121990200.dir/CheckFunctionExists.c.o  -o cmTryCompileExec4121990200 -rdynamic -lICE 
gmake[2]: Leaving directory `/home/mafiamole/projects/SM2ACM3k1/build/CMakeFiles/CMakeTmp'
gmake[1]: Leaving directory `/home/mafiamole/projects/SM2ACM3k1/build/CMakeFiles/CMakeTmp'


