Build started 23/06/2012 11:18:11.
     1>Project "C:\Users\Demorian\Desktop\SM2ACM3K1\SM2ACM3k1\VSBuild\src\server\server.vcxproj" on node 3 (build target(s)).
     1>InitializeBuildStatus:
         Creating "server.dir\Debug\server.unsuccessfulbuild" because "AlwaysCreate" was specified.
       CustomBuild:
         All outputs are up-to-date.
       ClCompile:
         All outputs are up-to-date.
       ManifestResourceCompile:
         All outputs are up-to-date.
       Link:
         c:\Program Files (x86)\Microsoft Visual Studio 10.0\VC\bin\link.exe /ERRORREPORT:PROMPT /OUT:"C:\Users\Demorian\Desktop\SM2ACM3K1\SM2ACM3k1\VSBuild\src\server\Debug\server.exe" /INCREMENTAL /NOLOGO kernel32.lib user32.lib gdi32.lib winspool.lib shell32.lib ole32.lib oleaut32.lib uuid.lib comdlg32.lib advapi32.lib C:\Users\Demorian\Desktop\MoleBox_Windows_Dynamic0.0.2\MoleBox_Windows_Dynamic\lib\MoleBox.lib "C:\Users\Demorian\Desktop\SFML-2.0-rc-windows-32-vc2010\SFML-2.0-rc\lib\sfml-system-d.lib" "C:\Users\Demorian\Desktop\SFML-2.0-rc-windows-32-vc2010\SFML-2.0-rc\lib\sfml-window-d.lib" "C:\Users\Demorian\Desktop\SFML-2.0-rc-windows-32-vc2010\SFML-2.0-rc\lib\sfml-graphics-d.lib" "C:\Users\Demorian\Desktop\SFML-2.0-rc-windows-32-vc2010\SFML-2.0-rc\lib\sfml-audio-d.lib" C:\QtSDK\Desktop\Qt\4.8.1\msvc2010\lib\QtGuid4.lib C:\QtSDK\Desktop\Qt\4.8.1\msvc2010\lib\QtCored4.lib opengl32.lib glu32.lib opengl32.lib glu32.lib opengl32.lib "C:\Program Files (x86)\Lua\5.1\lib\lua51.lib" glu32.lib opengl32.lib glu32.lib "C:\Program Files (x86)\Lua\5.1\lib\lua51.lib" /MANIFEST /ManifestFile:"server.dir\Debug\server.exe.intermediate.manifest" /MANIFESTUAC:"level='asInvoker' uiAccess='false'" /DEBUG /PDB:"C:/Users/Demorian/Desktop/SM2ACM3K1/SM2ACM3k1/VSBuild/src/server/Debug/server.pdb" /SUBSYSTEM:CONSOLE /STACK:"10000000" /TLBID:1 /DYNAMICBASE /NXCOMPAT /IMPLIB:"C:/Users/Demorian/Desktop/SM2ACM3K1/SM2ACM3k1/VSBuild/src/server/Debug/server.lib" /MACHINE:X86 server.dir\Debug\server.exe.embed.manifest.res
         server.dir\Debug\Game.obj
         server.dir\Debug\Main.obj  /machine:X86 /debug 
       Manifest:
         C:\Program Files (x86)\Microsoft SDKs\Windows\v7.0A\bin\mt.exe /nologo /verbose /out:"server.dir\Debug\server.exe.embed.manifest" /manifest server.dir\Debug\server.exe.intermediate.manifest
         All outputs are up-to-date.
       LinkEmbedManifest:
         All outputs are up-to-date.
         server.vcxproj -> C:\Users\Demorian\Desktop\SM2ACM3K1\SM2ACM3k1\VSBuild\src\server\Debug\server.exe
       FinalizeBuildStatus:
         Deleting file "server.dir\Debug\server.unsuccessfulbuild".
         Touching "server.dir\Debug\server.lastbuildstate".
     1>Done Building Project "C:\Users\Demorian\Desktop\SM2ACM3K1\SM2ACM3k1\VSBuild\src\server\server.vcxproj" (build target(s)).

Build succeeded.

Time Elapsed 00:00:13.91
